<?xml version="1.0" encoding="UTF-8"?>
<!-- Generated by org.testng.reporters.JUnitReportReporter -->
<testsuite hostname="DESKTOP-R9KBHIN" failures="0" tests="1" name="newpackage.Demo" time="20.461" errors="0" timestamp="2022-08-29T16:55:44 IST" skipped="0">
  <testcase classname="newpackage.Demo" name="sampleEtoE" time="20.461"/>
  <system-out/>
</testsuite> <!-- newpackage.Demo -->
