<?xml version="1.0" encoding="UTF-8"?>
<!-- Generated by org.testng.reporters.JUnitReportReporter -->
<testsuite hostname="DESKTOP-R9KBHIN" failures="0" tests="3" name="newpackage.Demo2" time="0.054" errors="0" timestamp="2022-08-30T04:43:17 IST" skipped="0">
  <testcase classname="newpackage.Demo2" name="testregistration" time="0.033"/>
  <system-out/>
  <testcase classname="newpackage.Demo2" name="testlogin" time="0.012"/>
  <system-out/>
  <testcase classname="newpackage.Demo2" name="testhomepage" time="0.009"/>
  <system-out/>
</testsuite> <!-- newpackage.Demo2 -->
