<?xml version="1.0" encoding="UTF-8"?>
<!-- Generated by org.testng.reporters.JUnitReportReporter -->
<testsuite hostname="DESKTOP-R9KBHIN" failures="0" tests="1" name="newpackage.Demo1" time="9.729" errors="0" timestamp="2022-08-29T16:58:04 IST" skipped="0">
  <testcase classname="newpackage.Demo1" name="sample" time="9.729"/>
  <system-out/>
</testsuite> <!-- newpackage.Demo1 -->
